{
  "stats": {
    "suites": 1,
    "tests": 1,
    "passes": 1,
    "pending": 0,
    "failures": 0,
    "start": "2025-10-01T10:03:48.846Z",
    "end": "2025-10-01T10:03:52.331Z",
    "duration": 3485,
    "testsRegistered": 1,
    "passPercent": 100,
    "pendingPercent": 0,
    "other": 0,
    "hasOther": false,
    "skipped": 0,
    "hasSkipped": false
  },
  "results": [
    {
      "uuid": "4e444307-7505-4c10-858a-2509a053547a",
      "title": "",
      "fullFile": "cypress\\e2e\\qaauto\\login.spec.js",
      "file": "cypress\\e2e\\qaauto\\login.spec.js",
      "beforeHooks": [],
      "afterHooks": [],
      "tests": [],
      "suites": [
        {
          "uuid": "644acba0-866e-421c-a9aa-2bcdab916389",
          "title": "Login test",
          "fullFile": "",
          "file": "",
          "beforeHooks": [],
          "afterHooks": [],
          "tests": [
            {
              "title": "should login with custom command",
              "fullTitle": "Login test should login with custom command",
              "timedOut": null,
              "duration": 3444,
              "state": "passed",
              "speed": "fast",
              "pass": true,
              "fail": false,
              "pending": false,
              "context": null,
              "code": "cy.login();",
              "err": {},
              "uuid": "3321db09-1f3e-487f-8e73-d863ef1f0d12",
              "parentUUID": "644acba0-866e-421c-a9aa-2bcdab916389",
              "isHook": false,
              "skipped": false
            }
          ],
          "suites": [],
          "passes": [
            "3321db09-1f3e-487f-8e73-d863ef1f0d12"
          ],
          "failures": [],
          "pending": [],
          "skipped": [],
          "duration": 3444,
          "root": false,
          "rootEmpty": false,
          "_timeout": 2000
        }
      ],
      "passes": [],
      "failures": [],
      "pending": [],
      "skipped": [],
      "duration": 0,
      "root": true,
      "rootEmpty": true,
      "_timeout": 2000
    }
  ],
  "meta": {
    "mocha": {
      "version": "7.2.0"
    },
    "mochawesome": {
      "options": {
        "quiet": false,
        "reportFilename": "mochawesome",
        "saveHtml": true,
        "saveJson": true,
        "consoleReporter": "spec",
        "useInlineDiffs": false,
        "code": true
      },
      "version": "7.1.4"
    },
    "marge": {
      "options": {
        "reportDir": "cypress/reports",
        "overwrite": false,
        "html": true,
        "json": true
      },
      "version": "6.3.0"
    }
  }
}