{
  "stats": {
    "suites": 1,
    "tests": 16,
    "passes": 16,
    "pending": 0,
    "failures": 0,
    "start": "2025-10-01T10:03:55.508Z",
    "end": "2025-10-01T10:04:25.238Z",
    "duration": 29730,
    "testsRegistered": 16,
    "passPercent": 100,
    "pendingPercent": 0,
    "other": 0,
    "hasOther": false,
    "skipped": 0,
    "hasSkipped": false
  },
  "results": [
    {
      "uuid": "cb2f6782-a1b5-4d24-9c8d-d983b9ddaeca",
      "title": "",
      "fullFile": "cypress\\e2e\\qaauto\\registration-negative.spec.js",
      "file": "cypress\\e2e\\qaauto\\registration-negative.spec.js",
      "beforeHooks": [],
      "afterHooks": [],
      "tests": [],
      "suites": [
        {
          "uuid": "5be5fab3-d4a3-4051-8157-86544bfbb330",
          "title": "Negative checks for Name field in Registration form",
          "fullFile": "",
          "file": "",
          "beforeHooks": [],
          "afterHooks": [],
          "tests": [
            {
              "title": "shows \"Name is required\" when name is empty",
              "fullTitle": "Negative checks for Name field in Registration form shows \"Name is required\" when name is empty",
              "timedOut": null,
              "duration": 1908,
              "state": "passed",
              "speed": "fast",
              "pass": true,
              "fail": false,
              "pending": false,
              "context": null,
              "code": "cy.get('#signupName').focus().blur();\ncy.get('.invalid-feedback').should('be.visible').and('contain.text', 'Name required');\ncy.get('.invalid-feedback').should('have.css', 'border-color', 'rgb(220, 53, 69)');\ncy.contains('button', 'Register').should('be.disabled');",
              "err": {},
              "uuid": "82e4718d-0b61-4abb-bb4d-12e8b5b4b67a",
              "parentUUID": "5be5fab3-d4a3-4051-8157-86544bfbb330",
              "isHook": false,
              "skipped": false
            },
            {
              "title": "shows error when name has wrong characters or length less than 2 characters",
              "fullTitle": "Negative checks for Name field in Registration form shows error when name has wrong characters or length less than 2 characters",
              "timedOut": null,
              "duration": 1279,
              "state": "passed",
              "speed": "fast",
              "pass": true,
              "fail": false,
              "pending": false,
              "context": null,
              "code": "cy.get('#signupName').type('1').blur();\ncy.get('.invalid-feedback').should('be.visible').and('contain.text', 'Name is invalid').and('contain.text', 'Name has to be from 2 to 20 characters long');\ncy.get('.invalid-feedback').should('have.css', 'border-color', 'rgb(220, 53, 69)');\ncy.contains('button', 'Register').should('be.disabled');",
              "err": {},
              "uuid": "97f8a386-97d1-46c2-b2b0-7e8245087673",
              "parentUUID": "5be5fab3-d4a3-4051-8157-86544bfbb330",
              "isHook": false,
              "skipped": false
            },
            {
              "title": "shows error when name has wrong characters or length more than 20 characters",
              "fullTitle": "Negative checks for Name field in Registration form shows error when name has wrong characters or length more than 20 characters",
              "timedOut": null,
              "duration": 1617,
              "state": "passed",
              "speed": "fast",
              "pass": true,
              "fail": false,
              "pending": false,
              "context": null,
              "code": "cy.get('#signupName').type('111111111111111111111').blur();\ncy.get('.invalid-feedback').should('be.visible').and('contain.text', 'Name is invalid').and('contain.text', 'Name has to be from 2 to 20 characters long');\ncy.get('.invalid-feedback').should('have.css', 'border-color', 'rgb(220, 53, 69)');\ncy.contains('button', 'Register').should('be.disabled');",
              "err": {},
              "uuid": "6883bab5-1912-402c-a18a-cc96a1f4a75e",
              "parentUUID": "5be5fab3-d4a3-4051-8157-86544bfbb330",
              "isHook": false,
              "skipped": false
            },
            {
              "title": "shows \"Last name is required\" when last name is empty",
              "fullTitle": "Negative checks for Name field in Registration form shows \"Last name is required\" when last name is empty",
              "timedOut": null,
              "duration": 1053,
              "state": "passed",
              "speed": "fast",
              "pass": true,
              "fail": false,
              "pending": false,
              "context": null,
              "code": "cy.get('#signupLastName').focus().blur();\ncy.get('.invalid-feedback').should('be.visible').and('contain.text', 'Last name required');\ncy.get('.invalid-feedback').should('have.css', 'border-color', 'rgb(220, 53, 69)');\ncy.contains('button', 'Register').should('be.disabled');",
              "err": {},
              "uuid": "c543de2e-f71a-4949-89e0-aa0c31d6fa9e",
              "parentUUID": "5be5fab3-d4a3-4051-8157-86544bfbb330",
              "isHook": false,
              "skipped": false
            },
            {
              "title": "shows error when last name has wrong characters or length less than 2 characters",
              "fullTitle": "Negative checks for Name field in Registration form shows error when last name has wrong characters or length less than 2 characters",
              "timedOut": null,
              "duration": 1366,
              "state": "passed",
              "speed": "fast",
              "pass": true,
              "fail": false,
              "pending": false,
              "context": null,
              "code": "cy.get('#signupLastName').type('1').blur();\ncy.get('.invalid-feedback').should('be.visible').and('contain.text', 'Last name is invalid').and('contain.text', 'Last name has to be from 2 to 20 characters long');\ncy.get('.invalid-feedback').should('have.css', 'border-color', 'rgb(220, 53, 69)');\ncy.contains('button', 'Register').should('be.disabled');",
              "err": {},
              "uuid": "d5bfb4fc-5f72-449e-8d4d-a3d03cda8a6f",
              "parentUUID": "5be5fab3-d4a3-4051-8157-86544bfbb330",
              "isHook": false,
              "skipped": false
            },
            {
              "title": "shows error when last name has wrong characters or length more than 20 characters",
              "fullTitle": "Negative checks for Name field in Registration form shows error when last name has wrong characters or length more than 20 characters",
              "timedOut": null,
              "duration": 1616,
              "state": "passed",
              "speed": "fast",
              "pass": true,
              "fail": false,
              "pending": false,
              "context": null,
              "code": "cy.get('#signupLastName').type('111111111111111111111').blur();\ncy.get('.invalid-feedback').should('be.visible').and('contain.text', 'Last name is invalid').and('contain.text', 'Last name has to be from 2 to 20 characters long');\ncy.get('.invalid-feedback').should('have.css', 'border-color', 'rgb(220, 53, 69)');\ncy.contains('button', 'Register').should('be.disabled');",
              "err": {},
              "uuid": "ae255ee5-db91-4b67-9a75-59fe288c66ab",
              "parentUUID": "5be5fab3-d4a3-4051-8157-86544bfbb330",
              "isHook": false,
              "skipped": false
            },
            {
              "title": "shows \"Email is required\" when email is empty",
              "fullTitle": "Negative checks for Name field in Registration form shows \"Email is required\" when email is empty",
              "timedOut": null,
              "duration": 1198,
              "state": "passed",
              "speed": "fast",
              "pass": true,
              "fail": false,
              "pending": false,
              "context": null,
              "code": "cy.get('#signupEmail').focus().blur();\ncy.get('.invalid-feedback').should('be.visible').and('contain.text', 'Email required');\ncy.get('.invalid-feedback').should('have.css', 'border-color', 'rgb(220, 53, 69)');\ncy.contains('button', 'Register').should('be.disabled');",
              "err": {},
              "uuid": "b7847a8e-7ade-4f90-8a97-9edd038860f4",
              "parentUUID": "5be5fab3-d4a3-4051-8157-86544bfbb330",
              "isHook": false,
              "skipped": false
            },
            {
              "title": "shows error when email has wrong characters or length less than 2 characters",
              "fullTitle": "Negative checks for Name field in Registration form shows error when email has wrong characters or length less than 2 characters",
              "timedOut": null,
              "duration": 1299,
              "state": "passed",
              "speed": "fast",
              "pass": true,
              "fail": false,
              "pending": false,
              "context": null,
              "code": "cy.get('#signupEmail').type('1').blur();\ncy.get('.invalid-feedback').should('be.visible').and('contain.text', 'Email is incorrect');\ncy.get('.invalid-feedback').should('have.css', 'border-color', 'rgb(220, 53, 69)');\ncy.contains('button', 'Register').should('be.disabled');",
              "err": {},
              "uuid": "4a97de68-f1c6-479c-b3bf-8525b3d0a110",
              "parentUUID": "5be5fab3-d4a3-4051-8157-86544bfbb330",
              "isHook": false,
              "skipped": false
            },
            {
              "title": "shows error when email has wrong characters or length more than 20 characters",
              "fullTitle": "Negative checks for Name field in Registration form shows error when email has wrong characters or length more than 20 characters",
              "timedOut": null,
              "duration": 1677,
              "state": "passed",
              "speed": "fast",
              "pass": true,
              "fail": false,
              "pending": false,
              "context": null,
              "code": "cy.get('#signupEmail').type('111111111111111111111').blur();\ncy.get('.invalid-feedback').should('be.visible').and('contain.text', 'Email is incorrect');\ncy.get('.invalid-feedback').should('have.css', 'border-color', 'rgb(220, 53, 69)');\ncy.contains('button', 'Register').should('be.disabled');",
              "err": {},
              "uuid": "7bff3942-494f-4cc8-9179-247491da09e6",
              "parentUUID": "5be5fab3-d4a3-4051-8157-86544bfbb330",
              "isHook": false,
              "skipped": false
            },
            {
              "title": "shows \"Password is required\" when password is empty",
              "fullTitle": "Negative checks for Name field in Registration form shows \"Password is required\" when password is empty",
              "timedOut": null,
              "duration": 1174,
              "state": "passed",
              "speed": "fast",
              "pass": true,
              "fail": false,
              "pending": false,
              "context": null,
              "code": "cy.get('#signupPassword').focus().blur();\ncy.get('.invalid-feedback').should('be.visible').and('contain.text', 'Password required');\ncy.get('.invalid-feedback').should('have.css', 'border-color', 'rgb(220, 53, 69)');\ncy.contains('button', 'Register').should('be.disabled');",
              "err": {},
              "uuid": "99283dd9-e9bd-4c80-8b03-c627dc0c1cc9",
              "parentUUID": "5be5fab3-d4a3-4051-8157-86544bfbb330",
              "isHook": false,
              "skipped": false
            },
            {
              "title": "shows error when password has wrong characters or length less than 2 characters",
              "fullTitle": "Negative checks for Name field in Registration form shows error when password has wrong characters or length less than 2 characters",
              "timedOut": null,
              "duration": 1556,
              "state": "passed",
              "speed": "fast",
              "pass": true,
              "fail": false,
              "pending": false,
              "context": null,
              "code": "cy.get('#signupPassword').type('1').blur();\ncy.get('.invalid-feedback').should('be.visible').and('contain.text', 'Password has to be from 8 to 15 characters long and contain at least one integer, one capital, and one small letter');\ncy.get('.invalid-feedback').should('have.css', 'border-color', 'rgb(220, 53, 69)');\ncy.contains('button', 'Register').should('be.disabled');",
              "err": {},
              "uuid": "7a79b90c-e379-4603-8dd7-e2073853482e",
              "parentUUID": "5be5fab3-d4a3-4051-8157-86544bfbb330",
              "isHook": false,
              "skipped": false
            },
            {
              "title": "shows error when password has wrong characters or length more than 20 characters",
              "fullTitle": "Negative checks for Name field in Registration form shows error when password has wrong characters or length more than 20 characters",
              "timedOut": null,
              "duration": 1750,
              "state": "passed",
              "speed": "fast",
              "pass": true,
              "fail": false,
              "pending": false,
              "context": null,
              "code": "cy.get('#signupPassword').type('111111111111111111111').blur();\ncy.get('.invalid-feedback').should('be.visible').and('contain.text', 'Password has to be from 8 to 15 characters long and contain at least one integer, one capital, and one small letter');\ncy.get('.invalid-feedback').should('have.css', 'border-color', 'rgb(220, 53, 69)');\ncy.contains('button', 'Register').should('be.disabled');",
              "err": {},
              "uuid": "212ad3ff-dcf4-4eca-bf91-f68c468804e1",
              "parentUUID": "5be5fab3-d4a3-4051-8157-86544bfbb330",
              "isHook": false,
              "skipped": false
            },
            {
              "title": "shows \"Re-enter password required\" when repeat password is empty",
              "fullTitle": "Negative checks for Name field in Registration form shows \"Re-enter password required\" when repeat password is empty",
              "timedOut": null,
              "duration": 1205,
              "state": "passed",
              "speed": "fast",
              "pass": true,
              "fail": false,
              "pending": false,
              "context": null,
              "code": "cy.get('#signupRepeatPassword').focus().blur();\ncy.get('.invalid-feedback').should('be.visible').and('contain.text', 'Re-enter password required');\ncy.get('.invalid-feedback').should('have.css', 'border-color', 'rgb(220, 53, 69)');\ncy.contains('button', 'Register').should('be.disabled');",
              "err": {},
              "uuid": "39c514a4-36c1-4744-8fd3-be775066b815",
              "parentUUID": "5be5fab3-d4a3-4051-8157-86544bfbb330",
              "isHook": false,
              "skipped": false
            },
            {
              "title": "shows error when password and re-enter password are different",
              "fullTitle": "Negative checks for Name field in Registration form shows error when password and re-enter password are different",
              "timedOut": null,
              "duration": 1879,
              "state": "passed",
              "speed": "fast",
              "pass": true,
              "fail": false,
              "pending": false,
              "context": null,
              "code": "cy.get('#signupPassword').type('ABCasdqwe123').blur();\ncy.get('#signupRepeatPassword').type('ABCasdqwe12').blur();\ncy.get('#signupRepeatPassword').parent().find('.invalid-feedback').should('be.visible').and('contain.text', 'Passwords do not match').and('have.css', 'color', 'rgb(220, 53, 69)');\ncy.contains('button', 'Register').should('be.disabled');",
              "err": {},
              "uuid": "97178a49-24a9-4e09-adf0-61493a321fa8",
              "parentUUID": "5be5fab3-d4a3-4051-8157-86544bfbb330",
              "isHook": false,
              "skipped": false
            },
            {
              "title": "does not allow register with invalid data in all fields",
              "fullTitle": "Negative checks for Name field in Registration form does not allow register with invalid data in all fields",
              "timedOut": null,
              "duration": 3294,
              "state": "passed",
              "speed": "fast",
              "pass": true,
              "fail": false,
              "pending": false,
              "context": null,
              "code": "cy.get('#signupName').type('1').blur();\ncy.get('#signupLastName').type('1').blur();\ncy.get('#signupEmail').type('1').blur();\ncy.get('#signupPassword').type('1').blur();\ncy.get('#signupRepeatPassword').type('2').blur();\ncy.contains('button', 'Register').should('be.disabled');",
              "err": {},
              "uuid": "d5e64326-d788-47c4-bbc1-78ba98504e70",
              "parentUUID": "5be5fab3-d4a3-4051-8157-86544bfbb330",
              "isHook": false,
              "skipped": false
            },
            {
              "title": "shows error when trying to register with an already existing email",
              "fullTitle": "Negative checks for Name field in Registration form shows error when trying to register with an already existing email",
              "timedOut": null,
              "duration": 3773,
              "state": "passed",
              "speed": "fast",
              "pass": true,
              "fail": false,
              "pending": false,
              "context": null,
              "code": "cy.fixture('login').then(user => {\n  cy.get('#signupName').type('Test');\n  cy.get('#signupLastName').type('User');\n  cy.get('#signupEmail').type(user.email);\n  cy.get('#signupPassword').type(user.password);\n  cy.get('#signupRepeatPassword').type(user.password);\n  cy.contains('button', 'Register').click();\n  cy.get('.alert.alert-danger').should('be.visible').and('contain.text', 'User already exists');\n});",
              "err": {},
              "uuid": "3455ce60-c7cb-4807-b4ff-cf19fe53b82a",
              "parentUUID": "5be5fab3-d4a3-4051-8157-86544bfbb330",
              "isHook": false,
              "skipped": false
            }
          ],
          "suites": [],
          "passes": [
            "82e4718d-0b61-4abb-bb4d-12e8b5b4b67a",
            "97f8a386-97d1-46c2-b2b0-7e8245087673",
            "6883bab5-1912-402c-a18a-cc96a1f4a75e",
            "c543de2e-f71a-4949-89e0-aa0c31d6fa9e",
            "d5bfb4fc-5f72-449e-8d4d-a3d03cda8a6f",
            "ae255ee5-db91-4b67-9a75-59fe288c66ab",
            "b7847a8e-7ade-4f90-8a97-9edd038860f4",
            "4a97de68-f1c6-479c-b3bf-8525b3d0a110",
            "7bff3942-494f-4cc8-9179-247491da09e6",
            "99283dd9-e9bd-4c80-8b03-c627dc0c1cc9",
            "7a79b90c-e379-4603-8dd7-e2073853482e",
            "212ad3ff-dcf4-4eca-bf91-f68c468804e1",
            "39c514a4-36c1-4744-8fd3-be775066b815",
            "97178a49-24a9-4e09-adf0-61493a321fa8",
            "d5e64326-d788-47c4-bbc1-78ba98504e70",
            "3455ce60-c7cb-4807-b4ff-cf19fe53b82a"
          ],
          "failures": [],
          "pending": [],
          "skipped": [],
          "duration": 27644,
          "root": false,
          "rootEmpty": false,
          "_timeout": 2000
        }
      ],
      "passes": [],
      "failures": [],
      "pending": [],
      "skipped": [],
      "duration": 0,
      "root": true,
      "rootEmpty": true,
      "_timeout": 2000
    }
  ],
  "meta": {
    "mocha": {
      "version": "7.2.0"
    },
    "mochawesome": {
      "options": {
        "quiet": false,
        "reportFilename": "mochawesome",
        "saveHtml": true,
        "saveJson": true,
        "consoleReporter": "spec",
        "useInlineDiffs": false,
        "code": true
      },
      "version": "7.1.4"
    },
    "marge": {
      "options": {
        "reportDir": "cypress/reports",
        "overwrite": false,
        "html": true,
        "json": true
      },
      "version": "6.3.0"
    }
  }
}