{
  "stats": {
    "suites": 1,
    "tests": 1,
    "passes": 1,
    "pending": 0,
    "failures": 0,
    "start": "2025-10-01T10:04:28.831Z",
    "end": "2025-10-01T10:04:33.960Z",
    "duration": 5129,
    "testsRegistered": 1,
    "passPercent": 100,
    "pendingPercent": 0,
    "other": 0,
    "hasOther": false,
    "skipped": 0,
    "hasSkipped": false
  },
  "results": [
    {
      "uuid": "de56ff22-4694-4167-a4c2-2c593d368681",
      "title": "",
      "fullFile": "cypress\\e2e\\qaauto\\registration.spec.js",
      "file": "cypress\\e2e\\qaauto\\registration.spec.js",
      "beforeHooks": [],
      "afterHooks": [],
      "tests": [],
      "suites": [
        {
          "uuid": "bc7fc572-dd88-4493-a70d-3af5dd4decbc",
          "title": "User Registration",
          "fullFile": "",
          "file": "",
          "beforeHooks": [],
          "afterHooks": [],
          "tests": [
            {
              "title": "Registers a new user successfully",
              "fullTitle": "User Registration Registers a new user successfully",
              "timedOut": null,
              "duration": 5086,
              "state": "passed",
              "speed": "medium",
              "pass": true,
              "fail": false,
              "pending": false,
              "context": null,
              "code": "const email = `test${Date.now()}@example.com`;\nconst password = 'ValidPass1';\ncy.visit('/');\ncy.contains('button', 'Sign In').click();\ncy.contains('button', 'Registration').click();\ncy.get('#signupName').type('John');\ncy.get('#signupLastName').type('Doe');\ncy.get('#signupEmail').type(email);\ncy.get('#signupPassword').type(password);\ncy.get('#signupRepeatPassword').type(password);\ncy.contains('button', 'Register').click();\ncy.contains('button', 'Add car').should('be.visible');\n// Збережено в файл\ncy.writeFile('cypress/fixtures/user.json', {\n  email,\n  password\n});",
              "err": {},
              "uuid": "52a3b854-0672-43bc-a7a4-0c68cad758f9",
              "parentUUID": "bc7fc572-dd88-4493-a70d-3af5dd4decbc",
              "isHook": false,
              "skipped": false
            }
          ],
          "suites": [],
          "passes": [
            "52a3b854-0672-43bc-a7a4-0c68cad758f9"
          ],
          "failures": [],
          "pending": [],
          "skipped": [],
          "duration": 5086,
          "root": false,
          "rootEmpty": false,
          "_timeout": 2000
        }
      ],
      "passes": [],
      "failures": [],
      "pending": [],
      "skipped": [],
      "duration": 0,
      "root": true,
      "rootEmpty": true,
      "_timeout": 2000
    }
  ],
  "meta": {
    "mocha": {
      "version": "7.2.0"
    },
    "mochawesome": {
      "options": {
        "quiet": false,
        "reportFilename": "mochawesome",
        "saveHtml": true,
        "saveJson": true,
        "consoleReporter": "spec",
        "useInlineDiffs": false,
        "code": true
      },
      "version": "7.1.4"
    },
    "marge": {
      "options": {
        "reportDir": "cypress/reports",
        "overwrite": false,
        "html": true,
        "json": true
      },
      "version": "6.3.0"
    }
  }
}